<?xml version="1.0" encoding="UTF-8"?>
<!-- Generated by org.testng.reporters.JUnitReportReporter -->
<testsuite hostname="DESKTOP-9QNQ3PS" failures="0" tests="1" name="com.actitime.testscript.UserModule" time="11.516" errors="0" timestamp="2023-12-29T13:31:54 IST" skipped="0">
  <testcase classname="com.actitime.testscript.UserModule" name="createAndDeleteUser" time="11.516"/>
  <system-out/>
</testsuite> <!-- com.actitime.testscript.UserModule -->
